0 info it worked if it ends with ok
1 verbose cli [ 'C:\\Program Files\\nodejs\\node.exe',
1 verbose cli   'C:\\Program Files\\nodejs\\node_modules\\npm\\bin\\npm-cli.js',
1 verbose cli   'run',
1 verbose cli   'build' ]
2 info using npm@3.10.10
3 info using node@v6.11.0
4 verbose run-script [ 'prebuild', 'build', 'postbuild' ]
5 info lifecycle runbotreact@1.0.0~prebuild: runbotreact@1.0.0
6 silly lifecycle runbotreact@1.0.0~prebuild: no script for prebuild, continuing
7 info lifecycle runbotreact@1.0.0~build: runbotreact@1.0.0
8 verbose lifecycle runbotreact@1.0.0~build: unsafe-perm in lifecycle true
9 verbose lifecycle runbotreact@1.0.0~build: PATH: C:\Program Files\nodejs\node_modules\npm\bin\node-gyp-bin;A:\OdooRunBot\Odoo-Runbot-Extension\node_modules\.bin;C:\Program Files\nodejs\node_modules\npm\bin\node-gyp-bin;A:\OdooRunBot\Odoo-Runbot-Extension\node_modules\.bin;C:\Program Files\Java\jdk1.8.0_60\bin;C:\Users\Deep Patel\Documents\less2css;C:\Program Files\nodejs;C:\WINDOWS\system32;C:\Users\Deep Patel\AppData\Roaming\npm\;C:\Python34;C:\Program Files\Git\bin;C:\Program Files (x86)\NVIDIA Corporation\PhysX\Common;%SystemRoot%\system32;%SystemRoot%;%SystemRoot%\System32\Wbem;%SYSTEMROOT%\System32\WindowsPowerShell\v1.0\;C:\Users\Deep Patel\AppData\Local\Microsoft\WindowsApps;C:\Program Files (x86)\Microsoft VS Code\bin;C:\Users\Deep Patel\AppData\Local\atom\bin;%USERPROFILE%\AppData\Local\Microsoft\WindowsApps;
10 verbose lifecycle runbotreact@1.0.0~build: CWD: A:\OdooRunBot\Odoo-Runbot-Extension
11 silly lifecycle runbotreact@1.0.0~build: Args: [ '/d /s /c',
11 silly lifecycle   'webpack -d && webpack-dev-server --content-base src/ --inline --hot --port 1234' ]
12 verbose stack Error: kill ENOSYS
12 verbose stack     at exports._errnoException (util.js:1018:11)
12 verbose stack     at process.kill (internal/process.js:190:13)
12 verbose stack     at process.listener (C:\Program Files\nodejs\node_modules\npm\node_modules\npmlog\node_modules\gauge\node_modules\signal-exit\index.js:86:15)
12 verbose stack     at emitNone (events.js:91:20)
12 verbose stack     at process.emit (events.js:185:7)
12 verbose stack     at processEmit (C:\Program Files\nodejs\node_modules\npm\node_modules\npmlog\node_modules\gauge\node_modules\signal-exit\index.js:146:32)
12 verbose stack     at processEmit (C:\Program Files\nodejs\node_modules\npm\node_modules\npm-registry-client\node_modules\npmlog\node_modules\gauge\node_modules\signal-exit\index.js:146:32)
12 verbose stack     at Signal.wrap.onsignal (internal/process.js:217:44)
13 verbose cwd A:\OdooRunBot\Odoo-Runbot-Extension
14 error Windows_NT 10.0.15063
15 error argv "C:\\Program Files\\nodejs\\node.exe" "C:\\Program Files\\nodejs\\node_modules\\npm\\bin\\npm-cli.js" "run" "build"
16 error node v6.11.0
17 error npm  v3.10.10
18 error code ENOSYS
19 error errno ENOSYS
20 error syscall kill
21 error kill ENOSYS
22 error If you need help, you may report this error at:
22 error     <https://github.com/npm/npm/issues>
23 verbose exit [ 1, true ]
